state:0,myId:0,action:init,sessionid:0,type:0,cxid:0,zxid:0,txntype:0,reqpath:0
state:1,myId:1,action:LaunchRequest,sessionid:0x1000154532a0000,type:create,cxid:0x1,zxid:0xfffffffffffffffe,txntype:unknown,reqpath:/101
state:2,myId:2,action:CreateRequest,sessionid:0x1000154532a0000,type:create,cxid:0x1,zxid:0x100000002,txntype:1,reqpath:n/a
state:3,myId:2,action:LeaderLaunchProposal,sessionid:0x1000154532a0000,type:create,cxid:0x1,zxid:0x100000002,txntype:1,reqpath:n/a
state:4,myId:2,action:ReceivedProposal,sessionid:0x1000154532a0000,type:create,cxid:0x1,zxid:0x100000002,txntype:1,reqpath:n/a
state:5,myId:3,action:ReceivedProposal,sessionid:0x1000154532a0000,type:create,cxid:0x1,zxid:0x100000002,txntype:1,reqpath:n/a
state:6,myId:1,action:ReceivedProposal,sessionid:0x1000154532a0000,type:create,cxid:0x1,zxid:0x100000002,txntype:1,reqpath:n/a
state:7,myId:1,action:FollowerSendAckToLeader,sessionid:-1,type:3,cxid:-1,zxid:0x100000002,txntype:-1,reqpath:-1
state:8,myId:3,action:FollowerSendAckToLeader,sessionid:-1,type:3,cxid:-1,zxid:0x100000002,txntype:-1,reqpath:-1
state:9,myId:2,action:LeaderReceivedAckFromFollower,sessionid:-1,type:3,cxid:-1,zxid:0x100000002,txntype:-1,reqpath:-1
state:10,myId:2,action:LeaderReceivedAckFromFollower,sessionid:-1,type:3,cxid:-1,zxid:0x100000002,txntype:-1,reqpath:-1
state:11,myId:2,action:LeaderSendCommitMsg,sessionid:-1,type:4,cxid:-1,zxid:0x100000002,txntype:-1,reqpath:-1
state:12,myId:2,action:CommitedRequest,sessionid:0x1000154532a0000,type:create,cxid:0x1,zxid:0x100000002,txntype:1,reqpath:n/a
state:13,myId:1,action:CommitedRequest,sessionid:0x1000154532a0000,type:create,cxid:0x1,zxid:0x100000002,txntype:1,reqpath:n/a
state:14,myId:3,action:CommitedRequest,sessionid:0x1000154532a0000,type:create,cxid:0x1,zxid:0x100000002,txntype:1,reqpath:n/a
state:15,myId:1,action:Request2DataTree,sessionid:0x1000154532a0000,type:create,cxid:0x1,zxid:0x100000002,txntype:1,reqpath:/101
state:16,myId:3,action:Request2DataTree,sessionid:0x1000154532a0000,type:create,cxid:0x1,zxid:0x100000002,txntype:1,reqpath:n/a
state:17,myId:2,action:Request2DataTree,sessionid:0x1000154532a0000,type:create,cxid:0x1,zxid:0x100000002,txntype:1,reqpath:n/a
state:999999,myId:9999,action:end,sessionid:0,type:0,cxid:0,zxid:0,txntype:0,reqpath:0
state:0,myId:0,action:init,sessionid:0,type:0,cxid:0,zxid:0,txntype:0,reqpath:0
state:1,myId:1,action:LaunchRequest,sessionid:0x10001551a960000,type:create,cxid:0x1,zxid:0xfffffffffffffffe,txntype:unknown,reqpath:/102
state:2,myId:3,action:CreateRequest,sessionid:0x10001551a960000,type:create,cxid:0x1,zxid:0x200000002,txntype:1,reqpath:n/a
state:3,myId:3,action:LeaderLaunchProposal,sessionid:0x10001551a960000,type:create,cxid:0x1,zxid:0x200000002,txntype:1,reqpath:n/a
state:4,myId:3,action:ReceivedProposal,sessionid:0x10001551a960000,type:create,cxid:0x1,zxid:0x200000002,txntype:1,reqpath:n/a
state:5,myId:1,action:ReceivedProposal,sessionid:0x10001551a960000,type:create,cxid:0x1,zxid:0x200000002,txntype:1,reqpath:n/a
state:6,myId:1,action:FollowerSendAckToLeader,sessionid:-1,type:3,cxid:-1,zxid:0x200000002,txntype:-1,reqpath:-1
state:7,myId:3,action:LeaderReceivedAckFromFollower,sessionid:-1,type:3,cxid:-1,zxid:0x200000002,txntype:-1,reqpath:-1
state:8,myId:3,action:LeaderSendCommitMsg,sessionid:-1,type:4,cxid:-1,zxid:0x200000002,txntype:-1,reqpath:-1
state:9,myId:3,action:CommitedRequest,sessionid:0x10001551a960000,type:create,cxid:0x1,zxid:0x200000002,txntype:1,reqpath:n/a
state:10,myId:1,action:CommitedRequest,sessionid:0x10001551a960000,type:create,cxid:0x1,zxid:0x200000002,txntype:1,reqpath:n/a
state:11,myId:3,action:Request2DataTree,sessionid:0x10001551a960000,type:create,cxid:0x1,zxid:0x200000002,txntype:1,reqpath:n/a
state:999999,myId:9999,action:end,sessionid:0,type:0,cxid:0,zxid:0,txntype:0,reqpath:0
state:0,myId:0,action:init,sessionid:0,type:0,cxid:0,zxid:0,txntype:0,reqpath:0
state:1,myId:3,action:LaunchRequest,sessionid:0x30001551a9d0000,type:create,cxid:0x1,zxid:0xfffffffffffffffe,txntype:unknown,reqpath:/1023
state:2,myId:3,action:CreateRequest,sessionid:0x30001551a9d0000,type:create,cxid:0x1,zxid:0x200000005,txntype:1,reqpath:n/a
state:3,myId:3,action:LeaderLaunchProposal,sessionid:0x30001551a9d0000,type:create,cxid:0x1,zxid:0x200000005,txntype:1,reqpath:n/a
state:4,myId:3,action:ReceivedProposal,sessionid:0x30001551a9d0000,type:create,cxid:0x1,zxid:0x200000005,txntype:1,reqpath:n/a
state:5,myId:1,action:ReceivedProposal,sessionid:0x30001551a9d0000,type:create,cxid:0x1,zxid:0x200000005,txntype:1,reqpath:n/a
state:6,myId:1,action:FollowerSendAckToLeader,sessionid:-1,type:3,cxid:-1,zxid:0x200000005,txntype:-1,reqpath:-1
state:7,myId:3,action:LeaderReceivedAckFromFollower,sessionid:-1,type:3,cxid:-1,zxid:0x200000005,txntype:-1,reqpath:-1
state:8,myId:3,action:LeaderSendCommitMsg,sessionid:-1,type:4,cxid:-1,zxid:0x200000005,txntype:-1,reqpath:-1
state:9,myId:3,action:CommitedRequest,sessionid:0x30001551a9d0000,type:create,cxid:0x1,zxid:0x200000005,txntype:1,reqpath:n/a
state:10,myId:1,action:CommitedRequest,sessionid:0x30001551a9d0000,type:create,cxid:0x1,zxid:0x200000005,txntype:1,reqpath:n/a
state:11,myId:3,action:Request2DataTree,sessionid:0x30001551a9d0000,type:create,cxid:0x1,zxid:0x200000005,txntype:1,reqpath:n/a
state:999999,myId:9999,action:end,sessionid:0,type:0,cxid:0,zxid:0,txntype:0,reqpath:0
state:0,myId:0,action:init,sessionid:0,type:0,cxid:0,zxid:0,txntype:0,reqpath:0
state:1,myId:2,action:LaunchRequest,sessionid:0x200015619f50000,type:create,cxid:0x1,zxid:0xfffffffffffffffe,txntype:unknown,reqpath:/104
state:2,myId:3,action:CreateRequest,sessionid:0x200015619f50000,type:create,cxid:0x1,zxid:0x200000008,txntype:1,reqpath:n/a
state:3,myId:3,action:LeaderLaunchProposal,sessionid:0x200015619f50000,type:create,cxid:0x1,zxid:0x200000008,txntype:1,reqpath:n/a
state:4,myId:3,action:ReceivedProposal,sessionid:0x200015619f50000,type:create,cxid:0x1,zxid:0x200000008,txntype:1,reqpath:n/a
state:5,myId:2,action:ReceivedProposal,sessionid:0x200015619f50000,type:create,cxid:0x1,zxid:0x200000008,txntype:1,reqpath:n/a
state:6,myId:1,action:ReceivedProposal,sessionid:0x200015619f50000,type:create,cxid:0x1,zxid:0x200000008,txntype:1,reqpath:n/a
state:7,myId:1,action:FollowerSendAckToLeader,sessionid:-1,type:3,cxid:-1,zxid:0x200000008,txntype:-1,reqpath:-1
state:8,myId:2,action:FollowerSendAckToLeader,sessionid:-1,type:3,cxid:-1,zxid:0x200000008,txntype:-1,reqpath:-1
state:9,myId:3,action:LeaderReceivedAckFromFollower,sessionid:-1,type:3,cxid:-1,zxid:0x200000008,txntype:-1,reqpath:-1
state:10,myId:3,action:LeaderReceivedAckFromFollower,sessionid:-1,type:3,cxid:-1,zxid:0x200000008,txntype:-1,reqpath:-1
state:11,myId:3,action:LeaderSendCommitMsg,sessionid:-1,type:4,cxid:-1,zxid:0x200000008,txntype:-1,reqpath:-1
state:12,myId:1,action:CommitedRequest,sessionid:0x200015619f50000,type:create,cxid:0x1,zxid:0x200000008,txntype:1,reqpath:n/a
state:13,myId:2,action:CommitedRequest,sessionid:0x200015619f50000,type:create,cxid:0x1,zxid:0x200000008,txntype:1,reqpath:n/a
state:14,myId:3,action:CommitedRequest,sessionid:0x200015619f50000,type:create,cxid:0x1,zxid:0x200000008,txntype:1,reqpath:n/a
state:15,myId:1,action:Request2DataTree,sessionid:0x200015619f50000,type:create,cxid:0x1,zxid:0x200000008,txntype:1,reqpath:n/a
state:16,myId:2,action:Request2DataTree,sessionid:0x200015619f50000,type:create,cxid:0x1,zxid:0x200000008,txntype:1,reqpath:/104
state:999999,myId:9999,action:end,sessionid:0,type:0,cxid:0,zxid:0,txntype:0,reqpath:0
