myId:0,myState:init,from:0,proposedLeader:0,proposedZxidHigh:0,proposedZxidLow:0,electionEpoch:0,state:init,peerRpoch:0,endvote:0
myId:1,myState:LOOKING,from:1,proposedLeader:1,proposedZxidHigh:0,proposedZxidLow:0,electionEpoch:1,state:LOOKING,peerRpoch:0,endvote:2
myId:1,myState:LOOKING,from:1,proposedLeader:1,proposedZxidHigh:0,proposedZxidLow:0,electionEpoch:2,state:LOOKING,peerRpoch:0,endvote:2
myId:1,myState:LOOKING,from:1,proposedLeader:1,proposedZxidHigh:0,proposedZxidLow:0,electionEpoch:3,state:LOOKING,peerRpoch:0,endvote:2
myId:1,myState:LOOKING,from:1,proposedLeader:1,proposedZxidHigh:0,proposedZxidLow:0,electionEpoch:4,state:LOOKING,peerRpoch:0,endvote:2
myId:1,myState:LOOKING,from:1,proposedLeader:1,proposedZxidHigh:0,proposedZxidLow:0,electionEpoch:5,state:LOOKING,peerRpoch:0,endvote:2
myId:1,myState:LOOKING,from:1,proposedLeader:1,proposedZxidHigh:0,proposedZxidLow:0,electionEpoch:6,state:LOOKING,peerRpoch:0,endvote:2
myId:1,myState:LOOKING,from:1,proposedLeader:1,proposedZxidHigh:0,proposedZxidLow:0,electionEpoch:7,state:LOOKING,peerRpoch:0,endvote:2
myId:1,myState:LOOKING,from:1,proposedLeader:1,proposedZxidHigh:0,proposedZxidLow:0,electionEpoch:8,state:LOOKING,peerRpoch:0,endvote:2
myId:1,myState:LOOKING,from:1,proposedLeader:1,proposedZxidHigh:0,proposedZxidLow:0,electionEpoch:9,state:LOOKING,peerRpoch:0,endvote:2
myId:1,myState:LOOKING,from:1,proposedLeader:1,proposedZxidHigh:0,proposedZxidLow:0,electionEpoch:10,state:LOOKING,peerRpoch:0,endvote:2
myId:1,myState:LOOKING,from:1,proposedLeader:1,proposedZxidHigh:0,proposedZxidLow:0,electionEpoch:11,state:LOOKING,peerRpoch:0,endvote:2
myId:1,myState:LOOKING,from:1,proposedLeader:1,proposedZxidHigh:0,proposedZxidLow:0,electionEpoch:12,state:LOOKING,peerRpoch:0,endvote:2
myId:1,myState:LOOKING,from:1,proposedLeader:1,proposedZxidHigh:0,proposedZxidLow:0,electionEpoch:13,state:LOOKING,peerRpoch:0,endvote:2
myId:1,myState:LOOKING,from:1,proposedLeader:1,proposedZxidHigh:0,proposedZxidLow:0,electionEpoch:14,state:LOOKING,peerRpoch:0,endvote:2
myId:1,myState:LOOKING,from:1,proposedLeader:1,proposedZxidHigh:0,proposedZxidLow:0,electionEpoch:15,state:LOOKING,peerRpoch:0,endvote:2
myId:1,myState:LOOKING,from:1,proposedLeader:1,proposedZxidHigh:0,proposedZxidLow:0,electionEpoch:16,state:LOOKING,peerRpoch:0,endvote:2
myId:1,myState:LOOKING,from:1,proposedLeader:1,proposedZxidHigh:0,proposedZxidLow:0,electionEpoch:17,state:LOOKING,peerRpoch:0,endvote:2
myId:1,myState:LOOKING,from:1,proposedLeader:1,proposedZxidHigh:0,proposedZxidLow:0,electionEpoch:18,state:LOOKING,peerRpoch:0,endvote:2
myId:1,myState:LOOKING,from:1,proposedLeader:1,proposedZxidHigh:0,proposedZxidLow:0,electionEpoch:19,state:LOOKING,peerRpoch:0,endvote:2
myId:1,myState:LOOKING,from:1,proposedLeader:1,proposedZxidHigh:0,proposedZxidLow:0,electionEpoch:20,state:LOOKING,peerRpoch:0,endvote:2
myId:1,myState:LOOKING,from:1,proposedLeader:1,proposedZxidHigh:0,proposedZxidLow:0,electionEpoch:21,state:LOOKING,peerRpoch:0,endvote:2
myId:1,myState:LOOKING,from:1,proposedLeader:1,proposedZxidHigh:0,proposedZxidLow:0,electionEpoch:22,state:LOOKING,peerRpoch:0,endvote:2
myId:1,myState:LOOKING,from:1,proposedLeader:1,proposedZxidHigh:0,proposedZxidLow:0,electionEpoch:23,state:LOOKING,peerRpoch:0,endvote:2
myId:1,myState:LOOKING,from:2,proposedLeader:2,proposedZxidHigh:0,proposedZxidLow:0,electionEpoch:1,state:LOOKING,peerRpoch:0,endvote:2
myId:1,myState:LOOKING,from:2,proposedLeader:2,proposedZxidHigh:0,proposedZxidLow:0,electionEpoch:23,state:LOOKING,peerRpoch:0,endvote:2
myId:1,myState:LOOKING,from:1,proposedLeader:2,proposedZxidHigh:0,proposedZxidLow:0,electionEpoch:23,state:LOOKING,peerRpoch:0,endvote:2
myId:9999999,myState:init,from:0,proposedLeader:0,proposedZxidHigh:0,proposedZxidLow:0,electionEpoch:0,state:end,peerRpoch:0,endvote:0
myId:0,myState:init,from:0,proposedLeader:0,proposedZxidHigh:0,proposedZxidLow:0,electionEpoch:0,state:init,peerRpoch:0,endvote:0
myId:2,myState:LOOKING,from:2,proposedLeader:2,proposedZxidHigh:0,proposedZxidLow:0,electionEpoch:1,state:LOOKING,peerRpoch:0,endvote:2
myId:2,myState:LOOKING,from:1,proposedLeader:1,proposedZxidHigh:0,proposedZxidLow:0,electionEpoch:23,state:LOOKING,peerRpoch:0,endvote:2
myId:2,myState:LOOKING,from:1,proposedLeader:1,proposedZxidHigh:0,proposedZxidLow:0,electionEpoch:23,state:LOOKING,peerRpoch:0,endvote:2
myId:2,myState:LOOKING,from:2,proposedLeader:2,proposedZxidHigh:0,proposedZxidLow:0,electionEpoch:23,state:LOOKING,peerRpoch:0,endvote:2
myId:2,myState:LOOKING,from:1,proposedLeader:2,proposedZxidHigh:0,proposedZxidLow:0,electionEpoch:23,state:LOOKING,peerRpoch:0,endvote:2
myId:9999999,myState:init,from:0,proposedLeader:0,proposedZxidHigh:0,proposedZxidLow:0,electionEpoch:0,state:end,peerRpoch:0,endvote:0
myId:0,myState:init,from:0,proposedLeader:0,proposedZxidHigh:0,proposedZxidLow:0,electionEpoch:0,state:init,peerRpoch:0,endvote:0
myId:3,myState:LOOKING,from:3,proposedLeader:3,proposedZxidHigh:0,proposedZxidLow:0,electionEpoch:1,state:LOOKING,peerRpoch:0,endvote:2
myId:3,myState:LOOKING,from:1,proposedLeader:2,proposedZxidHigh:0,proposedZxidLow:0,electionEpoch:23,state:LOOKING,peerRpoch:0,endvote:2
myId:3,myState:LOOKING,from:2,proposedLeader:2,proposedZxidHigh:0,proposedZxidLow:0,electionEpoch:23,state:LOOKING,peerRpoch:0,endvote:2
myId:3,myState:LOOKING,from:1,proposedLeader:2,proposedZxidHigh:0,proposedZxidLow:0,electionEpoch:23,state:FOLLOWING,peerRpoch:1,endvote:2
myId:3,myState:LOOKING,from:3,proposedLeader:3,proposedZxidHigh:0,proposedZxidLow:0,electionEpoch:23,state:LOOKING,peerRpoch:0,endvote:2
myId:3,myState:LOOKING,from:1,proposedLeader:2,proposedZxidHigh:0,proposedZxidLow:0,electionEpoch:23,state:FOLLOWING,peerRpoch:1,endvote:2
myId:3,myState:LOOKING,from:2,proposedLeader:2,proposedZxidHigh:0,proposedZxidLow:0,electionEpoch:23,state:LEADING,peerRpoch:1,endvote:2
myId:9999999,myState:init,from:0,proposedLeader:0,proposedZxidHigh:0,proposedZxidLow:0,electionEpoch:0,state:end,peerRpoch:0,endvote:0
myId:0,myState:init,from:0,proposedLeader:0,proposedZxidHigh:0,proposedZxidLow:0,electionEpoch:0,state:init,peerRpoch:0,endvote:0
myId:3,myState:LOOKING,from:3,proposedLeader:3,proposedZxidHigh:1,proposedZxidLow:3,electionEpoch:1,state:LOOKING,peerRpoch:1,endvote:2
myId:3,myState:LOOKING,from:1,proposedLeader:2,proposedZxidHigh:0,proposedZxidLow:0,electionEpoch:23,state:FOLLOWING,peerRpoch:1,endvote:2
myId:3,myState:LOOKING,from:1,proposedLeader:2,proposedZxidHigh:0,proposedZxidLow:0,electionEpoch:23,state:FOLLOWING,peerRpoch:1,endvote:2
myId:3,myState:LOOKING,from:2,proposedLeader:2,proposedZxidHigh:0,proposedZxidLow:0,electionEpoch:23,state:LEADING,peerRpoch:1,endvote:2
myId:9999999,myState:init,from:0,proposedLeader:0,proposedZxidHigh:0,proposedZxidLow:0,electionEpoch:0,state:end,peerRpoch:0,endvote:0
myId:0,myState:init,from:0,proposedLeader:0,proposedZxidHigh:0,proposedZxidLow:0,electionEpoch:0,state:init,peerRpoch:0,endvote:0
myId:1,myState:LOOKING,from:3,proposedLeader:3,proposedZxidHigh:1,proposedZxidLow:6,electionEpoch:24,state:LOOKING,peerRpoch:1,endvote:3
myId:1,myState:LOOKING,from:1,proposedLeader:1,proposedZxidHigh:1,proposedZxidLow:6,electionEpoch:24,state:LOOKING,peerRpoch:1,endvote:3
myId:1,myState:LOOKING,from:1,proposedLeader:3,proposedZxidHigh:1,proposedZxidLow:6,electionEpoch:24,state:LOOKING,peerRpoch:1,endvote:3
myId:9999999,myState:init,from:0,proposedLeader:0,proposedZxidHigh:0,proposedZxidLow:0,electionEpoch:0,state:end,peerRpoch:0,endvote:0
myId:0,myState:init,from:0,proposedLeader:0,proposedZxidHigh:0,proposedZxidLow:0,electionEpoch:0,state:init,peerRpoch:0,endvote:0
myId:3,myState:LOOKING,from:3,proposedLeader:3,proposedZxidHigh:1,proposedZxidLow:6,electionEpoch:24,state:LOOKING,peerRpoch:1,endvote:3
myId:3,myState:LOOKING,from:1,proposedLeader:1,proposedZxidHigh:1,proposedZxidLow:6,electionEpoch:24,state:LOOKING,peerRpoch:1,endvote:3
myId:3,myState:LOOKING,from:1,proposedLeader:3,proposedZxidHigh:1,proposedZxidLow:6,electionEpoch:24,state:LOOKING,peerRpoch:1,endvote:3
myId:9999999,myState:init,from:0,proposedLeader:0,proposedZxidHigh:0,proposedZxidLow:0,electionEpoch:0,state:end,peerRpoch:0,endvote:0
myId:0,myState:init,from:0,proposedLeader:0,proposedZxidHigh:0,proposedZxidLow:0,electionEpoch:0,state:init,peerRpoch:0,endvote:0
myId:2,myState:LOOKING,from:2,proposedLeader:2,proposedZxidHigh:1,proposedZxidLow:6,electionEpoch:1,state:LOOKING,peerRpoch:1,endvote:3
myId:2,myState:LOOKING,from:1,proposedLeader:3,proposedZxidHigh:1,proposedZxidLow:6,electionEpoch:24,state:LOOKING,peerRpoch:1,endvote:3
myId:2,myState:LOOKING,from:2,proposedLeader:3,proposedZxidHigh:1,proposedZxidLow:6,electionEpoch:24,state:LOOKING,peerRpoch:1,endvote:3
myId:2,myState:LOOKING,from:1,proposedLeader:3,proposedZxidHigh:1,proposedZxidLow:6,electionEpoch:24,state:FOLLOWING,peerRpoch:2,endvote:3
myId:2,myState:LOOKING,from:1,proposedLeader:3,proposedZxidHigh:1,proposedZxidLow:6,electionEpoch:24,state:FOLLOWING,peerRpoch:2,endvote:3
myId:2,myState:LOOKING,from:3,proposedLeader:3,proposedZxidHigh:1,proposedZxidLow:6,electionEpoch:24,state:LOOKING,peerRpoch:1,endvote:3
myId:2,myState:LOOKING,from:3,proposedLeader:3,proposedZxidHigh:1,proposedZxidLow:6,electionEpoch:24,state:LEADING,peerRpoch:2,endvote:3
myId:9999999,myState:init,from:0,proposedLeader:0,proposedZxidHigh:0,proposedZxidLow:0,electionEpoch:0,state:end,peerRpoch:0,endvote:0
